<?xml version="1.0" encoding="UTF-8"?>
<!-- Generated by org.testng.reporters.JUnitReportReporter -->
<testsuite skipped="0" hostname="SGADALLAH2" name="modules.Api_Practice_2" tests="1" failures="0" timestamp="24 May 2020 21:32:19 GMT" time="6.689" errors="0">
  <testcase name="test" time="6.689" classname="modules.Api_Practice_2"/>
</testsuite> <!-- modules.Api_Practice_2 -->
