<?xml version="1.0" encoding="UTF-8"?>
<!-- Generated by org.testng.reporters.JUnitReportReporter -->
<testsuite skipped="0" hostname="SGADALLAH2" name="modules.Api_practice" tests="1" failures="0" timestamp="24 May 2020 19:51:47 GMT" time="1.426" errors="0">
  <testcase name="test" time="1.426" classname="modules.Api_practice"/>
</testsuite> <!-- modules.Api_practice -->
