<?xml version="1.0" encoding="UTF-8"?>
<!-- Generated by org.testng.reporters.JUnitReportReporter -->
<testsuite skipped="0" hostname="SGADALLAH2" name="test_cases.UI_Test_Cases" tests="4" failures="0" timestamp="24 May 2020 22:53:16 GMT" time="124.126" errors="0">
  <testcase name="Create_Account" time="30.170" classname="test_cases.UI_Test_Cases"/>
  <testcase name="sign_in" time="25.229" classname="test_cases.UI_Test_Cases"/>
  <testcase name="hover_over_subcategory_and_checkout_procedure_with_payment" time="39.745" classname="test_cases.UI_Test_Cases"/>
  <testcase name="check_order_in_history" time="28.982" classname="test_cases.UI_Test_Cases"/>
</testsuite> <!-- test_cases.UI_Test_Cases -->
